{"timestamp":"2025-10-26T04:18:15.209040Z","level":"info","event":"DAG bundles loaded: dags-folder, example_dags","logger":"airflow.dag_processing.bundles.manager.DagBundlesManager","filename":"manager.py","lineno":179}
{"timestamp":"2025-10-26T04:18:15.210915Z","level":"info","event":"Filling up the DagBag from /opt/airflow/dags/etl_web_metrics_dag.py","logger":"airflow.models.dagbag.DagBag","filename":"dagbag.py","lineno":593}
{"timestamp":"2025-10-26T04:18:15.267058Z","level":"warning","event":"The `airflow.operators.python.PythonOperator` attribute is deprecated. Please use `'airflow.providers.standard.operators.python.PythonOperator'`.","category":"DeprecatedImportWarning","filename":"/opt/airflow/dags/etl_web_metrics_dag.py","lineno":2,"logger":"py.warnings"}
{"timestamp":"2025-10-26T04:18:15.291721Z","level":"info","event":"Task instance is in running state","logger":"task.stdout"}
{"timestamp":"2025-10-26T04:18:15.292225Z","level":"info","event":" Previous state of the Task instance: TaskInstanceState.QUEUED","logger":"task.stdout"}
{"timestamp":"2025-10-26T04:18:15.292670Z","level":"info","event":"Current task name:process_jsons","logger":"task.stdout"}
{"timestamp":"2025-10-26T04:18:15.293138Z","level":"info","event":"Dag name:etl_web_metrics_dag","logger":"task.stdout"}
{"timestamp":"2025-10-26T04:18:15.294879Z","level":"info","event":"[DEBUG] Running process_json_files()","logger":"task.stdout"}
{"timestamp":"2025-10-26T04:18:15.295403Z","level":"info","event":"[DEBUG] DATA_PATH = /opt/airflow/data/json_files","logger":"task.stdout"}
{"timestamp":"2025-10-26T04:18:15.300284Z","level":"info","event":"[DEBUG] glob matched 8 files: ['/opt/airflow/data/json_files/result-json-0.json', '/opt/airflow/data/json_files/result-json-1.json', '/opt/airflow/data/json_files/result-json-2.json', '/opt/airflow/data/json_files/result-json-3.json', '/opt/airflow/data/json_files/result-json-4.json', '/opt/airflow/data/json_files/result-json-5.json', '/opt/airflow/data/json_files/result-json-6.json', '/opt/airflow/data/json_files/result-json-7.json']","logger":"task.stdout"}
{"timestamp":"2025-10-26T04:18:15.300795Z","level":"info","event":"[DEBUG] Opening file: /opt/airflow/data/json_files/result-json-0.json","logger":"task.stdout"}
{"timestamp":"2025-10-26T04:18:15.304433Z","level":"info","event":"[DEBUG] File size: 464 bytes","logger":"task.stdout"}
{"timestamp":"2025-10-26T04:18:15.304798Z","level":"info","event":"[DEBUG] File head: {     \"MetricDataResults\": [         {             \"Id\": \"m1\",             \"Label\": \"VisualLoadTime\",             \"Timestamps\": [                 \"2025-08-01T03:15:00+00:00\",                 \"2025-07-30T01:35:00+00:00\",                 \"2025-07-29T04:45:00+00:00\"             ],             \"Values\": [                 2049.0,                 2570.0,                 2703.0             ],","logger":"task.stdout"}
{"timestamp":"2025-10-26T04:18:15.307268Z","level":"info","event":"[DEBUG] id=None, #timestamps=0, #values=0","logger":"task.stdout"}
{"timestamp":"2025-10-26T04:18:15.307654Z","level":"info","event":"[WARN] Skipping /opt/airflow/data/json_files/result-json-0.json: no numeric Values","logger":"task.stdout"}
{"timestamp":"2025-10-26T04:18:15.307963Z","level":"info","event":"[DEBUG] Opening file: /opt/airflow/data/json_files/result-json-1.json","logger":"task.stdout"}
{"timestamp":"2025-10-26T04:18:15.311216Z","level":"info","event":"[DEBUG] File size: 5100 bytes","logger":"task.stdout"}
{"timestamp":"2025-10-26T04:18:15.311884Z","level":"info","event":"[DEBUG] File head: {     \"MetricDataResults\": [         {             \"Id\": \"m1\",             \"Label\": \"VisualLoadTime\",             \"Timestamps\": [                 \"2025-08-02T08:10:00+00:00\",                 \"2025-08-02T08:00:00+00:00\",                 \"2025-08-02T03:55:00+00:00\",                 \"2025-08-01T16:05:00+00:00\",                 \"2025-08-01T15:25:00+00:00\",                 \"2025-08-01T13:35:00+00:00\",","logger":"task.stdout"}
{"timestamp":"2025-10-26T04:18:15.312473Z","level":"info","event":"[DEBUG] id=None, #timestamps=0, #values=0","logger":"task.stdout"}
{"timestamp":"2025-10-26T04:18:15.312898Z","level":"info","event":"[WARN] Skipping /opt/airflow/data/json_files/result-json-1.json: no numeric Values","logger":"task.stdout"}
{"timestamp":"2025-10-26T04:18:15.313303Z","level":"info","event":"[DEBUG] Opening file: /opt/airflow/data/json_files/result-json-2.json","logger":"task.stdout"}
{"timestamp":"2025-10-26T04:18:15.315544Z","level":"info","event":"[DEBUG] File size: 5127 bytes","logger":"task.stdout"}
{"timestamp":"2025-10-26T04:18:15.315934Z","level":"info","event":"[DEBUG] File head: {     \"MetricDataResults\": [         {             \"Id\": \"m2\",             \"Label\": \"VisualLoadTime\",             \"Timestamps\": [                 \"2025-08-02T08:10:00+00:00\",                 \"2025-08-02T03:55:00+00:00\",                 \"2025-08-01T16:05:00+00:00\",                 \"2025-08-01T15:25:00+00:00\",                 \"2025-08-01T13:35:00+00:00\",                 \"2025-08-01T10:05:00+00:00\",","logger":"task.stdout"}
{"timestamp":"2025-10-26T04:18:15.316419Z","level":"info","event":"[DEBUG] id=None, #timestamps=0, #values=0","logger":"task.stdout"}
{"timestamp":"2025-10-26T04:18:15.316696Z","level":"info","event":"[WARN] Skipping /opt/airflow/data/json_files/result-json-2.json: no numeric Values","logger":"task.stdout"}
{"timestamp":"2025-10-26T04:18:15.317055Z","level":"info","event":"[DEBUG] Opening file: /opt/airflow/data/json_files/result-json-3.json","logger":"task.stdout"}
{"timestamp":"2025-10-26T04:18:15.319997Z","level":"info","event":"[DEBUG] File size: 233 bytes","logger":"task.stdout"}
{"timestamp":"2025-10-26T04:18:15.320532Z","level":"info","event":"[DEBUG] File head: {     \"MetricDataResults\": [         {             \"Id\": \"m2\",             \"Label\": \"VisualLoadTime\",             \"Timestamps\": [],             \"Values\": [],             \"StatusCode\": \"Complete\"         }     ],     \"Messages\": [] }","logger":"task.stdout"}
{"timestamp":"2025-10-26T04:18:15.321469Z","level":"info","event":"[DEBUG] id=None, #timestamps=0, #values=0","logger":"task.stdout"}
{"timestamp":"2025-10-26T04:18:15.321783Z","level":"info","event":"[WARN] Skipping /opt/airflow/data/json_files/result-json-3.json: no numeric Values","logger":"task.stdout"}
{"timestamp":"2025-10-26T04:18:15.322140Z","level":"info","event":"[DEBUG] Opening file: /opt/airflow/data/json_files/result-json-4.json","logger":"task.stdout"}
{"timestamp":"2025-10-26T04:18:15.324441Z","level":"info","event":"[DEBUG] File size: 40131 bytes","logger":"task.stdout"}
{"timestamp":"2025-10-26T04:18:15.324856Z","level":"info","event":"[DEBUG] File head: {     \"MetricDataResults\": [         {             \"Id\": \"m3\",             \"Label\": \"VisualLoadTime\",             \"Timestamps\": [                 \"2025-08-02T23:40:00+00:00\",                 \"2025-08-02T23:35:00+00:00\",                 \"2025-08-02T19:05:00+00:00\",                 \"2025-08-02T18:45:00+00:00\",                 \"2025-08-02T17:50:00+00:00\",                 \"2025-08-02T15:35:00+00:00\",","logger":"task.stdout"}
{"timestamp":"2025-10-26T04:18:15.325382Z","level":"info","event":"[DEBUG] id=None, #timestamps=0, #values=0","logger":"task.stdout"}
{"timestamp":"2025-10-26T04:18:15.325709Z","level":"info","event":"[WARN] Skipping /opt/airflow/data/json_files/result-json-4.json: no numeric Values","logger":"task.stdout"}
{"timestamp":"2025-10-26T04:18:15.326046Z","level":"info","event":"[DEBUG] Opening file: /opt/airflow/data/json_files/result-json-5.json","logger":"task.stdout"}
{"timestamp":"2025-10-26T04:18:15.329467Z","level":"info","event":"[DEBUG] File size: 45700 bytes","logger":"task.stdout"}
{"timestamp":"2025-10-26T04:18:15.329905Z","level":"info","event":"[DEBUG] File head: {     \"MetricDataResults\": [         {             \"Id\": \"m3\",             \"Label\": \"VisualLoadTime\",             \"Timestamps\": [                 \"2025-08-02T23:45:00+00:00\",                 \"2025-08-02T23:35:00+00:00\",                 \"2025-08-02T19:05:00+00:00\",                 \"2025-08-02T18:45:00+00:00\",                 \"2025-08-02T17:50:00+00:00\",                 \"2025-08-02T15:35:00+00:00\",","logger":"task.stdout"}
{"timestamp":"2025-10-26T04:18:15.330409Z","level":"info","event":"[DEBUG] id=None, #timestamps=0, #values=0","logger":"task.stdout"}
{"timestamp":"2025-10-26T04:18:15.330883Z","level":"info","event":"[WARN] Skipping /opt/airflow/data/json_files/result-json-5.json: no numeric Values","logger":"task.stdout"}
{"timestamp":"2025-10-26T04:18:15.331163Z","level":"info","event":"[DEBUG] Opening file: /opt/airflow/data/json_files/result-json-6.json","logger":"task.stdout"}
{"timestamp":"2025-10-26T04:18:15.332820Z","level":"info","event":"[DEBUG] File size: 9625 bytes","logger":"task.stdout"}
{"timestamp":"2025-10-26T04:18:15.333206Z","level":"info","event":"[DEBUG] File head: {     \"MetricDataResults\": [         {             \"Id\": \"m3\",             \"Label\": \"VisualLoadTime\",             \"Timestamps\": [                 \"2025-08-02T16:55:00+00:00\",                 \"2025-08-02T16:15:00+00:00\",                 \"2025-08-02T08:10:00+00:00\",                 \"2025-08-01T09:35:00+00:00\",                 \"2025-08-01T09:00:00+00:00\",                 \"2025-08-01T06:50:00+00:00\",","logger":"task.stdout"}
{"timestamp":"2025-10-26T04:18:15.333555Z","level":"info","event":"[DEBUG] id=None, #timestamps=0, #values=0","logger":"task.stdout"}
{"timestamp":"2025-10-26T04:18:15.333884Z","level":"info","event":"[WARN] Skipping /opt/airflow/data/json_files/result-json-6.json: no numeric Values","logger":"task.stdout"}
{"timestamp":"2025-10-26T04:18:15.334269Z","level":"info","event":"[DEBUG] Opening file: /opt/airflow/data/json_files/result-json-7.json","logger":"task.stdout"}
{"timestamp":"2025-10-26T04:18:15.336917Z","level":"info","event":"[DEBUG] File size: 233 bytes","logger":"task.stdout"}
{"timestamp":"2025-10-26T04:18:15.337299Z","level":"info","event":"[DEBUG] File head: {     \"MetricDataResults\": [         {             \"Id\": \"m4\",             \"Label\": \"VisualLoadTime\",             \"Timestamps\": [],             \"Values\": [],             \"StatusCode\": \"Complete\"         }     ],     \"Messages\": [] }","logger":"task.stdout"}
{"timestamp":"2025-10-26T04:18:15.337643Z","level":"info","event":"[DEBUG] id=None, #timestamps=0, #values=0","logger":"task.stdout"}
{"timestamp":"2025-10-26T04:18:15.337986Z","level":"info","event":"[WARN] Skipping /opt/airflow/data/json_files/result-json-7.json: no numeric Values","logger":"task.stdout"}
{"timestamp":"2025-10-26T04:18:15.338597Z","level":"info","event":"[Transform] Processed 0 JSON files. DataFrame shape: (0, 0)","logger":"task.stdout"}
{"timestamp":"2025-10-26T04:18:15.358080Z","level":"info","event":"Done. Returned value was: None","logger":"airflow.task.operators.airflow.providers.standard.operators.python.PythonOperator","filename":"python.py","lineno":218}
{"timestamp":"2025-10-26T04:18:15.380852Z","level":"info","event":"Task instance in success state","logger":"task.stdout"}
{"timestamp":"2025-10-26T04:18:15.381502Z","level":"info","event":" Previous state of the Task instance: TaskInstanceState.RUNNING","logger":"task.stdout"}
{"timestamp":"2025-10-26T04:18:15.382092Z","level":"info","event":"Task operator:<Task(PythonOperator): process_jsons>","logger":"task.stdout"}
