{"timestamp":"2025-10-26T07:30:04.230822Z","level":"info","event":"DAG bundles loaded: dags-folder, example_dags","logger":"airflow.dag_processing.bundles.manager.DagBundlesManager","filename":"manager.py","lineno":179}
{"timestamp":"2025-10-26T07:30:04.232243Z","level":"info","event":"Filling up the DagBag from /opt/airflow/dags/etl_web_metrics_dag.py","logger":"airflow.models.dagbag.DagBag","filename":"dagbag.py","lineno":593}
{"timestamp":"2025-10-26T07:30:04.276626Z","level":"warning","event":"The `airflow.operators.python.PythonOperator` attribute is deprecated. Please use `'airflow.providers.standard.operators.python.PythonOperator'`.","category":"DeprecatedImportWarning","filename":"/opt/airflow/dags/etl_web_metrics_dag.py","lineno":2,"logger":"py.warnings"}
{"timestamp":"2025-10-26T07:30:04.299178Z","level":"info","event":"Task instance is in running state","logger":"task.stdout"}
{"timestamp":"2025-10-26T07:30:04.299765Z","level":"info","event":" Previous state of the Task instance: TaskInstanceState.QUEUED","logger":"task.stdout"}
{"timestamp":"2025-10-26T07:30:04.300445Z","level":"info","event":"Current task name:process_jsons","logger":"task.stdout"}
{"timestamp":"2025-10-26T07:30:04.301077Z","level":"info","event":"Dag name:etl_web_metrics_dag","logger":"task.stdout"}
{"timestamp":"2025-10-26T07:30:04.301750Z","level":"info","event":"[DEBUG] Reading JSON files from: /opt/airflow/data/json_files","logger":"task.stdout"}
{"timestamp":"2025-10-26T07:30:04.305124Z","level":"info","event":"[DEBUG] Found 8 files","logger":"task.stdout"}
{"timestamp":"2025-10-26T07:30:04.319743Z","level":"info","event":"[DEBUG] Processing m1: 3 timestamps, 3 values","logger":"task.stdout"}
{"timestamp":"2025-10-26T07:30:04.328093Z","level":"info","event":"[DEBUG] Processing m1: 70 timestamps, 70 values","logger":"task.stdout"}
{"timestamp":"2025-10-26T07:30:04.334227Z","level":"info","event":"[DEBUG] Processing m2: 70 timestamps, 70 values","logger":"task.stdout"}
{"timestamp":"2025-10-26T07:30:04.338065Z","level":"info","event":"[DEBUG] Processing m2: 0 timestamps, 0 values","logger":"task.stdout"}
{"timestamp":"2025-10-26T07:30:04.338652Z","level":"info","event":"[WARN] Skipping /opt/airflow/data/json_files/result-json-3.json: no numeric Values for m2","logger":"task.stdout"}
{"timestamp":"2025-10-26T07:30:04.346924Z","level":"info","event":"[DEBUG] Processing m3: 561 timestamps, 561 values","logger":"task.stdout"}
{"timestamp":"2025-10-26T07:30:04.355999Z","level":"info","event":"[DEBUG] Processing m3: 637 timestamps, 637 values","logger":"task.stdout"}
{"timestamp":"2025-10-26T07:30:04.361899Z","level":"info","event":"[DEBUG] Processing m3: 133 timestamps, 133 values","logger":"task.stdout"}
{"timestamp":"2025-10-26T07:30:04.366110Z","level":"info","event":"[DEBUG] Processing m4: 0 timestamps, 0 values","logger":"task.stdout"}
{"timestamp":"2025-10-26T07:30:04.366820Z","level":"info","event":"[WARN] Skipping /opt/airflow/data/json_files/result-json-7.json: no numeric Values for m4","logger":"task.stdout"}
{"timestamp":"2025-10-26T07:30:04.369493Z","level":"info","event":"[Transform] Processed 6 JSON rows. DataFrame shape: (6, 4)","logger":"task.stdout"}
{"timestamp":"2025-10-26T07:30:04.373666Z","level":"info","event":"[DEBUG] Sample data: [{'id': 'm1', 'runtime_date': Timestamp('2025-07-30 11:11:40+0000', tz='UTC'), 'load_time': 0.04067777777777778, 'message': 'VisualLoadTime'}, {'id': 'm1', 'runtime_date': Timestamp('2025-07-30 08:58:25.714285824+0000', tz='UTC'), 'load_time': 0.06583900793650793, 'message': 'VisualLoadTime'}, {'id': 'm2', 'runtime_date': Timestamp('2025-07-30 05:40:04.285714432+0000', tz='UTC'), 'load_time': 0.06366547619047619, 'message': 'VisualLoadTime'}, {'id': 'm3', 'runtime_date': Timestamp('2025-07-30 10:33:52.085561600+0000', tz='UTC'), 'load_time': 0.19860374682622453, 'message': 'VisualLoadTime'}, {'id': 'm3', 'runtime_date': Timestamp('2025-07-30 11:29:07.723704832+0000', tz='UTC'), 'load_time': 0.23893589696867756, 'message': 'VisualLoadTime'}]","logger":"task.stdout"}
{"timestamp":"2025-10-26T07:30:04.394701Z","level":"info","event":"Done. Returned value was: None","logger":"airflow.task.operators.airflow.providers.standard.operators.python.PythonOperator","filename":"python.py","lineno":218}
{"timestamp":"2025-10-26T07:30:04.414664Z","level":"info","event":"Task instance in success state","logger":"task.stdout"}
{"timestamp":"2025-10-26T07:30:04.415315Z","level":"info","event":" Previous state of the Task instance: TaskInstanceState.RUNNING","logger":"task.stdout"}
{"timestamp":"2025-10-26T07:30:04.415904Z","level":"info","event":"Task operator:<Task(PythonOperator): process_jsons>","logger":"task.stdout"}
