{"timestamp":"2025-10-25T23:32:34.789925Z","level":"info","event":"DAG bundles loaded: dags-folder, example_dags","logger":"airflow.dag_processing.bundles.manager.DagBundlesManager","filename":"manager.py","lineno":179}
{"timestamp":"2025-10-25T23:32:34.791706Z","level":"info","event":"Filling up the DagBag from /opt/airflow/dags/etl_dag_from_scripts.py","logger":"airflow.models.dagbag.DagBag","filename":"dagbag.py","lineno":593}
{"timestamp":"2025-10-25T23:32:34.834020Z","level":"warning","event":"The `airflow.operators.python.PythonOperator` attribute is deprecated. Please use `'airflow.providers.standard.operators.python.PythonOperator'`.","category":"DeprecatedImportWarning","filename":"/opt/airflow/dags/etl_dag_from_scripts.py","lineno":2,"logger":"py.warnings"}
{"timestamp":"2025-10-25T23:32:34.859968Z","level":"info","event":"Task instance is in running state","logger":"task.stdout"}
{"timestamp":"2025-10-25T23:32:34.860518Z","level":"info","event":" Previous state of the Task instance: TaskInstanceState.QUEUED","logger":"task.stdout"}
{"timestamp":"2025-10-25T23:32:34.861073Z","level":"info","event":"Current task name:run_etl_process","logger":"task.stdout"}
{"timestamp":"2025-10-25T23:32:34.861579Z","level":"info","event":"Dag name:etl_retail_transactions_dag","logger":"task.stdout"}
{"timestamp":"2025-10-25T23:32:34.862298Z","level":"info","event":"🚀 Starting ETL Process","logger":"task.stdout"}
{"timestamp":"2025-10-25T23:32:34.862800Z","level":"info","event":"Extracting data from source_db...","logger":"task.stdout"}
{"timestamp":"2025-10-25T23:32:35.030661Z","level":"warning","event":"pandas only supports SQLAlchemy connectable (engine/connection) or database string URI or sqlite3 DBAPI2 connection. Other DBAPI2 objects are not tested. Please consider using SQLAlchemy.","category":"UserWarning","filename":"/opt/airflow/dags/etl_dag_from_scripts.py","lineno":21,"logger":"py.warnings"}
{"timestamp":"2025-10-25T23:32:35.039198Z","level":"info","event":"[Extract] 3 rows extracted from source_db","logger":"task.stdout"}
{"timestamp":"2025-10-25T23:32:35.040058Z","level":"info","event":"Transforming data (convert timestamps to UTC)...","logger":"task.stdout"}
{"timestamp":"2025-10-25T23:32:35.042891Z","level":"info","event":"[Transform] 3 rows after transformation","logger":"task.stdout"}
{"timestamp":"2025-10-25T23:32:35.043365Z","level":"info","event":"Loading data to warehouse_db...","logger":"task.stdout"}
{"timestamp":"2025-10-25T23:32:35.099357Z","level":"error","event":"Task failed with exception","logger":"task","filename":"task_runner.py","lineno":994,"error_detail":[{"exc_type":"InvalidDatetimeFormat","exc_value":"invalid input syntax for type timestamp: \"NaT\"\nLINE 4: ... '2025-10-25T08:06:06.921563+00:00'::timestamptz, 'NaT'::tim...\n                                                             ^\n","exc_notes":[],"syntax_error":null,"is_cause":false,"frames":[{"filename":"/home/airflow/.local/lib/python3.12/site-packages/airflow/sdk/execution_time/task_runner.py","lineno":920,"name":"run"},{"filename":"/home/airflow/.local/lib/python3.12/site-packages/airflow/sdk/execution_time/task_runner.py","lineno":1307,"name":"_execute_task"},{"filename":"/home/airflow/.local/lib/python3.12/site-packages/airflow/sdk/bases/operator.py","lineno":416,"name":"wrapper"},{"filename":"/home/airflow/.local/lib/python3.12/site-packages/airflow/providers/standard/operators/python.py","lineno":216,"name":"execute"},{"filename":"/home/airflow/.local/lib/python3.12/site-packages/airflow/providers/standard/operators/python.py","lineno":239,"name":"execute_callable"},{"filename":"/home/airflow/.local/lib/python3.12/site-packages/airflow/sdk/execution_time/callback_runner.py","lineno":82,"name":"run"},{"filename":"/opt/airflow/dags/etl_dag_from_scripts.py","lineno":39,"name":"etl_process"}],"is_group":false,"exceptions":[]}]}
{"timestamp":"2025-10-25T23:32:35.120157Z","level":"info","event":"Task instance in failure state","logger":"task.stdout"}
{"timestamp":"2025-10-25T23:32:35.120894Z","level":"info","event":"Task start","logger":"task.stdout"}
{"timestamp":"2025-10-25T23:32:35.121647Z","level":"info","event":"Task:<Task(PythonOperator): run_etl_process>","logger":"task.stdout"}
{"timestamp":"2025-10-25T23:32:35.122418Z","level":"info","event":"Failure caused by invalid input syntax for type timestamp: \"NaT\"","logger":"task.stdout"}
{"timestamp":"2025-10-25T23:32:35.122885Z","level":"info","event":"LINE 4: ... '2025-10-25T08:06:06.921563+00:00'::timestamptz, 'NaT'::tim...","logger":"task.stdout"}
{"timestamp":"2025-10-25T23:32:35.123550Z","level":"info","event":"                                                             ^","logger":"task.stdout"}
{"timestamp":"2025-10-25T23:32:35.124145Z","level":"info","event":"","logger":"task.stdout"}
