{"timestamp":"2025-10-26T01:01:52.656608Z","level":"info","event":"DAG bundles loaded: dags-folder, example_dags","logger":"airflow.dag_processing.bundles.manager.DagBundlesManager","filename":"manager.py","lineno":179}
{"timestamp":"2025-10-26T01:01:52.657997Z","level":"info","event":"Filling up the DagBag from /opt/airflow/dags/etl_dag_from_scripts.py","logger":"airflow.models.dagbag.DagBag","filename":"dagbag.py","lineno":593}
{"timestamp":"2025-10-26T01:01:52.719433Z","level":"info","event":"Task instance is in running state","logger":"task.stdout"}
{"timestamp":"2025-10-26T01:01:52.720009Z","level":"info","event":" Previous state of the Task instance: TaskInstanceState.QUEUED","logger":"task.stdout"}
{"timestamp":"2025-10-26T01:01:52.720743Z","level":"info","event":"Current task name:run_etl_process","logger":"task.stdout"}
{"timestamp":"2025-10-26T01:01:52.721195Z","level":"info","event":"Dag name:etl_retail_transactions_dag","logger":"task.stdout"}
{"timestamp":"2025-10-26T01:01:52.721896Z","level":"info","event":"Starting ETL Process","logger":"task.stdout"}
{"timestamp":"2025-10-26T01:01:52.722585Z","level":"info","event":"Extracting data from source_db...","logger":"task.stdout"}
{"timestamp":"2025-10-26T01:01:52.893397Z","level":"warning","event":"pandas only supports SQLAlchemy connectable (engine/connection) or database string URI or sqlite3 DBAPI2 connection. Other DBAPI2 objects are not tested. Please consider using SQLAlchemy.","category":"UserWarning","filename":"/opt/airflow/dags/etl_dag_from_scripts.py","lineno":20,"logger":"py.warnings"}
{"timestamp":"2025-10-26T01:01:52.901670Z","level":"info","event":"[Extract] 3 rows extracted from source_db","logger":"task.stdout"}
{"timestamp":"2025-10-26T01:01:52.902446Z","level":"info","event":"Transforming data (convert timestamps to UTC)...","logger":"task.stdout"}
{"timestamp":"2025-10-26T01:01:52.907845Z","level":"info","event":"[Transform] 3 rows after transformation","logger":"task.stdout"}
{"timestamp":"2025-10-26T01:01:52.908549Z","level":"info","event":"Loading data to warehouse_db with soft delete sync...","logger":"task.stdout"}
{"timestamp":"2025-10-26T01:01:53.084388Z","level":"error","event":"Task failed with exception","logger":"task","filename":"task_runner.py","lineno":994,"error_detail":[{"exc_type":"UndefinedTable","exc_value":"relation \"retail_transactions\" does not exist\nLINE 4:         FROM retail_transactions src\n                     ^\n","exc_notes":[],"syntax_error":null,"is_cause":false,"frames":[{"filename":"/home/airflow/.local/lib/python3.12/site-packages/airflow/sdk/execution_time/task_runner.py","lineno":920,"name":"run"},{"filename":"/home/airflow/.local/lib/python3.12/site-packages/airflow/sdk/execution_time/task_runner.py","lineno":1307,"name":"_execute_task"},{"filename":"/home/airflow/.local/lib/python3.12/site-packages/airflow/sdk/bases/operator.py","lineno":416,"name":"wrapper"},{"filename":"/home/airflow/.local/lib/python3.12/site-packages/airflow/providers/standard/operators/python.py","lineno":216,"name":"execute"},{"filename":"/home/airflow/.local/lib/python3.12/site-packages/airflow/providers/standard/operators/python.py","lineno":239,"name":"execute_callable"},{"filename":"/home/airflow/.local/lib/python3.12/site-packages/airflow/sdk/execution_time/callback_runner.py","lineno":82,"name":"run"},{"filename":"/opt/airflow/dags/etl_dag_from_scripts.py","lineno":76,"name":"etl_process"}],"is_group":false,"exceptions":[]}]}
{"timestamp":"2025-10-26T01:01:53.110980Z","level":"info","event":"Task instance in failure state","logger":"task.stdout"}
{"timestamp":"2025-10-26T01:01:53.117858Z","level":"info","event":"Task start","logger":"task.stdout"}
{"timestamp":"2025-10-26T01:01:53.118337Z","level":"info","event":"Task:<Task(PythonOperator): run_etl_process>","logger":"task.stdout"}
{"timestamp":"2025-10-26T01:01:53.118757Z","level":"info","event":"Failure caused by relation \"retail_transactions\" does not exist","logger":"task.stdout"}
{"timestamp":"2025-10-26T01:01:53.119098Z","level":"info","event":"LINE 4:         FROM retail_transactions src","logger":"task.stdout"}
{"timestamp":"2025-10-26T01:01:53.119463Z","level":"info","event":"                     ^","logger":"task.stdout"}
{"timestamp":"2025-10-26T01:01:53.119876Z","level":"info","event":"","logger":"task.stdout"}
